# JRE version: OpenJDK Runtime Environment (8.0_242) (build 1.8.0_242-release-1644-b3-6222593)
# Java VM: OpenJDK 64-Bit Server VM (25.242-b3-6222593 mixed mode linux-amd64 compressed oops)
Heap:
 PSYoungGen      total 550400K, used 481793K [0x00000000d5580000, 0x00000000ff300000, 0x0000000100000000)
  eden space 424960K, 100% used [0x00000000d5580000,0x00000000ef480000,0x00000000ef480000)
  from space 125440K, 45% used [0x00000000ef480000,0x00000000f2c00708,0x00000000f6f00000)
  to   space 120832K, 41% used [0x00000000f7d00000,0x00000000fae5bc90,0x00000000ff300000)
 ParOldGen       total 542208K, used 313560K [0x0000000080000000, 0x00000000a1180000, 0x00000000d5580000)
  object space 542208K, 57% used [0x0000000080000000,0x00000000932361d8,0x00000000a1180000)
 Metaspace       used 156766K, capacity 166336K, committed 166448K, reserved 1193984K
  class space    used 20318K, capacity 22220K, committed 22320K, reserved 1048576K
GC Heap History (10 events):
Event: 1753.328 GC heap after
Heap after GC invocations=41 (full 8):
 PSYoungGen      total 428032K, used 21561K [0x00000000d5580000, 0x00000000ff900000, 0x0000000100000000)
  eden space 406016K, 0% used [0x00000000d5580000,0x00000000d5580000,0x00000000ee200000)
  from space 22016K, 97% used [0x00000000ee200000,0x00000000ef70e6f8,0x00000000ef780000)
  to   space 142848K, 0% used [0x00000000f6d80000,0x00000000f6d80000,0x00000000ff900000)
 ParOldGen       total 542208K, used 313520K [0x0000000080000000, 0x00000000a1180000, 0x00000000d5580000)
  object space 542208K, 57% used [0x0000000080000000,0x000000009322c1d8,0x00000000a1180000)
 Metaspace       used 114151K, capacity 120058K, committed 120624K, reserved 1155072K
  class space    used 14530K, capacity 15690K, committed 15920K, reserved 1048576K
}
Event: 1769.947 GC heap before
{Heap before GC invocations=42 (full 8):
 PSYoungGen      total 428032K, used 427577K [0x00000000d5580000, 0x00000000ff900000, 0x0000000100000000)
  eden space 406016K, 100% used [0x00000000d5580000,0x00000000ee200000,0x00000000ee200000)
  from space 22016K, 97% used [0x00000000ee200000,0x00000000ef70e6f8,0x00000000ef780000)
  to   space 142848K, 0% used [0x00000000f6d80000,0x00000000f6d80000,0x00000000ff900000)
 ParOldGen       total 542208K, used 313520K [0x0000000080000000, 0x00000000a1180000, 0x00000000d5580000)
  object space 542208K, 57% used [0x0000000080000000,0x000000009322c1d8,0x00000000a1180000)
 Metaspace       used 117083K, capacity 123198K, committed 123696K, reserved 1157120K
  class space    used 14925K, capacity 16149K, committed 16432K, reserved 1048576K
Event: 1769.995 GC heap after
Heap after GC invocations=42 (full 8):
 PSYoungGen      total 553984K, used 31639K [0x00000000d5580000, 0x0000000100000000, 0x0000000100000000)
  eden space 411136K, 0% used [0x00000000d5580000,0x00000000d5580000,0x00000000ee700000)
  from space 142848K, 22% used [0x00000000f6d80000,0x00000000f8c65e78,0x00000000ff900000)
  to   space 137728K, 0% used [0x00000000ee700000,0x00000000ee700000,0x00000000f6d80000)
 ParOldGen       total 542208K, used 313528K [0x0000000080000000, 0x00000000a1180000, 0x00000000d5580000)
  object space 542208K, 57% used [0x0000000080000000,0x000000009322e1d8,0x00000000a1180000)
 Metaspace       used 117083K, capacity 123198K, committed 123696K, reserved 1157120K
  class space    used 14925K, capacity 16149K, committed 16432K, reserved 1048576K
}
Event: 1771.230 GC heap before
{Heap before GC invocations=43 (full 8):
 PSYoungGen      total 553984K, used 442775K [0x00000000d5580000, 0x0000000100000000, 0x0000000100000000)
  eden space 411136K, 100% used [0x00000000d5580000,0x00000000ee700000,0x00000000ee700000)
  from space 142848K, 22% used [0x00000000f6d80000,0x00000000f8c65e78,0x00000000ff900000)
  to   space 137728K, 0% used [0x00000000ee700000,0x00000000ee700000,0x00000000f6d80000)
 ParOldGen       total 542208K, used 313528K [0x0000000080000000, 0x00000000a1180000, 0x00000000d5580000)
  object space 542208K, 57% used [0x0000000080000000,0x000000009322e1d8,0x00000000a1180000)
 Metaspace       used 117521K, capacity 123646K, committed 124208K, reserved 1157120K
  class space    used 14969K, capacity 16213K, committed 16432K, reserved 1048576K
Event: 1771.266 GC heap after
Heap after GC invocations=43 (full 8):
 PSYoungGen      total 548864K, used 32975K [0x00000000d5580000, 0x00000000ff000000, 0x0000000100000000)
  eden space 411136K, 0% used [0x00000000d5580000,0x00000000d5580000,0x00000000ee700000)
  from space 137728K, 23% used [0x00000000ee700000,0x00000000f0733e80,0x00000000f6d80000)
  to   space 132096K, 0% used [0x00000000f6f00000,0x00000000f6f00000,0x00000000ff000000)
 ParOldGen       total 542208K, used 313536K [0x0000000080000000, 0x00000000a1180000, 0x00000000d5580000)
  object space 542208K, 57% used [0x0000000080000000,0x00000000932301d8,0x00000000a1180000)
 Metaspace       used 117521K, capacity 123646K, committed 124208K, reserved 1157120K
  class space    used 14969K, capacity 16213K, committed 16432K, reserved 1048576K
}
Event: 2065.274 GC heap before
{Heap before GC invocations=44 (full 8):
 PSYoungGen      total 548864K, used 444111K [0x00000000d5580000, 0x00000000ff000000, 0x0000000100000000)
  eden space 411136K, 100% used [0x00000000d5580000,0x00000000ee700000,0x00000000ee700000)
  from space 137728K, 23% used [0x00000000ee700000,0x00000000f0733e80,0x00000000f6d80000)
  to   space 132096K, 0% used [0x00000000f6f00000,0x00000000f6f00000,0x00000000ff000000)
 ParOldGen       total 542208K, used 313536K [0x0000000080000000, 0x00000000a1180000, 0x00000000d5580000)
  object space 542208K, 57% used [0x0000000080000000,0x00000000932301d8,0x00000000a1180000)
 Metaspace       used 136951K, capacity 144056K, committed 144432K, reserved 1175552K
  class space    used 17708K, capacity 19126K, committed 19248K, reserved 1048576K
Event: 2065.312 GC heap after
Heap after GC invocations=44 (full 8):
 PSYoungGen      total 554496K, used 54205K [0x00000000d5580000, 0x00000000fed80000, 0x0000000100000000)
  eden space 424960K, 0% used [0x00000000d5580000,0x00000000d5580000,0x00000000ef480000)
  from space 129536K, 41% used [0x00000000f6f00000,0x00000000fa3ef620,0x00000000fed80000)
  to   space 125440K, 0% used [0x00000000ef480000,0x00000000ef480000,0x00000000f6f00000)
 ParOldGen       total 542208K, used 313544K [0x0000000080000000, 0x00000000a1180000, 0x00000000d5580000)
  object space 542208K, 57% used [0x0000000080000000,0x00000000932321d8,0x00000000a1180000)
 Metaspace       used 136951K, capacity 144056K, committed 144432K, reserved 1175552K
  class space    used 17708K, capacity 19126K, committed 19248K, reserved 1048576K
}
Event: 2091.789 GC heap before
{Heap before GC invocations=45 (full 8):
 PSYoungGen      total 554496K, used 479165K [0x00000000d5580000, 0x00000000fed80000, 0x0000000100000000)
  eden space 424960K, 100% used [0x00000000d5580000,0x00000000ef480000,0x00000000ef480000)
  from space 129536K, 41% used [0x00000000f6f00000,0x00000000fa3ef620,0x00000000fed80000)
  to   space 125440K, 0% used [0x00000000ef480000,0x00000000ef480000,0x00000000f6f00000)
 ParOldGen       total 542208K, used 313544K [0x0000000080000000, 0x00000000a1180000, 0x00000000d5580000)
  object space 542208K, 57% used [0x0000000080000000,0x00000000932321d8,0x00000000a1180000)
 Metaspace       used 142010K, capacity 149232K, committed 149552K, reserved 1179648K
  class space    used 18254K, capacity 19738K, committed 19760K, reserved 1048576K
Event: 2091.879 GC heap after
Heap after GC invocations=45 (full 8):
 PSYoungGen      total 550400K, used 56833K [0x00000000d5580000, 0x00000000ff300000, 0x0000000100000000)
  eden space 424960K, 0% used [0x00000000d5580000,0x00000000d5580000,0x00000000ef480000)
  from space 125440K, 45% used [0x00000000ef480000,0x00000000f2c00708,0x00000000f6f00000)
  to   space 120832K, 0% used [0x00000000f7d00000,0x00000000f7d00000,0x00000000ff300000)
 ParOldGen       total 542208K, used 313552K [0x0000000080000000, 0x00000000a1180000, 0x00000000d5580000)
  object space 542208K, 57% used [0x0000000080000000,0x00000000932341d8,0x00000000a1180000)
 Metaspace       used 142010K, capacity 149232K, committed 149552K, reserved 1179648K
  class space    used 18254K, capacity 19738K, committed 19760K, reserved 1048576K
}
Event: 2418.501 GC heap before
{Heap before GC invocations=46 (full 8):
 PSYoungGen      total 550400K, used 481793K [0x00000000d5580000, 0x00000000ff300000, 0x0000000100000000)
  eden space 424960K, 100% used [0x00000000d5580000,0x00000000ef480000,0x00000000ef480000)
  from space 125440K, 45% used [0x00000000ef480000,0x00000000f2c00708,0x00000000f6f00000)
  to   space 120832K, 0% used [0x00000000f7d00000,0x00000000f7d00000,0x00000000ff300000)
 ParOldGen       total 542208K, used 313552K [0x0000000080000000, 0x00000000a1180000, 0x00000000d5580000)
  object space 542208K, 57% used [0x0000000080000000,0x00000000932341d8,0x00000000a1180000)
 Metaspace       used 156766K, capacity 166336K, committed 166448K, reserved 1193984K
  class space    used 20318K, capacity 22220K, committed 22320K, reserved 1048576K

